3
0.1034476718353026
1 1.012083922166466 -0.1970685136182218 0 0.349438755609714 0.4545235478610363 0
1 -0.9150346685315467 0.2857584183678157 0 0.6000314672255135 0.3879262936771611 0
1 -0.09704925363492008 -0.08868990474959382 0 -0.9494702228352275 -0.8424498415381974 0
3
0.2062068408203005
1 1.042724631169777 -0.1498045392819065 0 0.2493314842162275 0.4638809927838999 0
1 -0.8459510670942127 0.321936595865594 0 0.7459825014499132 0.3093855196943089 0
1 -0.1967735640755656 -0.1721320565836875 0 -0.9953139856661407 -0.7732665124782088 0
3
0.3080277079216865
1 1.063608050207044 -0.102385622069167 0 0.1626307214422056 0.4668664495643347 0
1 -0.7625275826206761 0.347565616179787 0 0.8911752262207598 0.1856427442730526 0
1 -0.3010804675863695 -0.2451799941106201 0 -1.053805947662966 -0.6525091938373873 0
3
0.4003009858637808
1 1.075294510986373 -0.05927711309454152 0 0.0916021715010884 0.46731244002883 0
1 -0.6748393522286112 0.3578155559081659 0 1.00482140491819 0.0298878354634315 0
1 -0.4004551587577628 -0.2985384428136244 0 -1.096423576419279 -0.4972002754922616 0
3
0.5061456973343443
1 1.080908134530995 -0.009819629602362809 0 0.01499427854303267 0.4672103480255084 0
1 -0.5635248150272983 0.3497059473556792 0 1.088267343049713 -0.187934435631235 0
1 -0.5173833195036984 -0.3398863177533163 0 -1.103261621592745 -0.2792759123942733 0
3
0.6008686727628295
1 1.07913069434716 0.03443699141135242 0 -0.05267265714723843 0.4672643409728904 0
1 -0.4591266560703114 0.3222069516645835 0 1.107166071293443 -0.3912522471043309 0
1 -0.6200040382768501 -0.3566439430759358 0 -1.054493414146204 -0.07601209386855953 0
3
0.7091789429930587
1 1.069110291671618 0.08504851260358032 0 -0.1333070347859239 0.4671846060266164 0
1 -0.3406161234472702 0.2683772954624372 0 1.073525759628728 -0.5948858777654482 0
1 -0.7284941682243491 -0.3534258080660175 0 -0.9402187248428033 0.1277012717388316 0
3
0.8055679458867115
1 1.052546609107449 0.1300246923134064 0 -0.2117278714171046 0.4656277327875335 0
1 -0.2396778493239813 0.2041676888426195 0 1.019469268336768 -0.7293124350323482 0
1 -0.812868759783469 -0.3341923811560261 0 -0.8077413969196631 0.2636847022448144 0
3
0.9009640069918852
1 1.028277707379443 0.1742285825364867 0 -0.2989249194544146 0.460189845036106 0
1 -0.1449414062920278 0.1301447079221527 0 0.9688523389380779 -0.8149942471480002 0
1 -0.8833363010874161 -0.3043732904586395 0 -0.6699274194836632 0.3548044021118937 0
3
1.009683292521411
1 0.9897069007297181 0.2235109578712773 0 -0.4136156720190455 0.4440307140425451 0
1 -0.04171517829958487 0.03859082267230612 0 0.9356534105818086 -0.8605658873713762 0
1 -0.9479917224301343 -0.2621017805435834 0 -0.5220377385627627 0.4165351733288307 0
3
1.101098077166013
1 0.9469278232496502 0.262940809099355 0 -0.5245771400538676 0.4157406623231325 0
1 0.04362465399933035 -0.04032269996221302 0 0.935957332529094 -0.8601831361432809 0
1 -0.9905524772489815 -0.222618109137142 0 -0.4113801924752262 0.4444424738201482 0
3
1.211417018488855
1 0.8809013201014194 0.3056543502266236 0 -0.6750353089345088 0.3520796133559662 0
1 0.1484717164208403 -0.1330839265542312 0 0.9705101867959576 -0.8125563427044137 0
1 -1.029373036522261 -0.1725704236723924 0 -0.2954748778614489 0.4604767293484474 0
3
1.307745528023986
1 0.8091809843651064 0.3353846987326866 0 -0.8142469803463867 0.2583203515273511 0
1 0.2443471810191111 -0.2074686557364214 0 1.022152110563112 -0.724053970311744 0
1 -1.053528165384218 -0.1279160429962653 0 -0.2079051302167249 0.4657336187843928 0
3
1.40471545796581
1 0.7236600730071131 0.3540656319762592 0 -0.9466449729469882 0.119191035420018 0
1 0.3461583958253432 -0.2714009866173202 0 1.076065230334124 -0.5863709656434779 0
1 -1.069818468832457 -0.08266464535893919 0 -0.1294202573871357 0.46717993022346 0
3
1.503745573699169
1 0.6243839044303676 0.3569489529172564 0 -1.05109977232693 -0.06742615638798197 0
1 0.4545643621428254 -0.3205569160826603 0 1.106853481640532 -0.3998143764110237 0
1 -1.078948266573194 -0.03639203683459619 0 -0.05575370931360244 0.4672405327990059 0
3
1.608114576965495
1 0.5113327059868878 0.3383265631780474 0 -1.104365452706439 -0.291157409360805 0
1 0.5695335723634114 -0.3506951406094101 0 1.08554275643617 -0.1760285082090788 0
1 -1.0808662783503 0.01236857743136267 0 0.01882269627026868 0.4671859175698839 0
3
1.703955956486015
1 0.4054224822223134 0.3007683700107299 0 -1.097760282874522 -0.4886147620580945 0
1 0.6703374991181839 -0.3579176938093639 0 1.009593779840927 0.0213293933330534 0
1 -1.075759981340497 0.0571493237986339 0 0.08816650303359481 0.4672853687250412 0
3
1.805655656752032
1 0.2959329744410818 0.2419615863142516 0 -1.05095893216245 -0.6595887681822818 0
1 0.7669356149960459 -0.3466195198734688 0 0.884473915550187 0.1928111179035019 0
1 -1.062868589437127 0.1046579335592171 0 0.1664850166122628 0.4667776502787798 0
3
1.906703371596152
1 0.1926894677690173 0.1689279817104685 0 -0.9929778991434062 -0.7770353656925808 0
1 0.8490750985532493 -0.3206287625366914 0 0.7399950373466213 0.3133986941112135 0
1 -1.041764566322266 0.1517007808262229 0 0.2529828617967844 0.4636366715813672 0
3
2.008239195321538
1 0.09432319302353478 0.08623646241095788 0 -0.9484356787916073 -0.8436987631465583 0
1 0.9168292881794237 -0.2846041586507996 0 0.5960666879337866 0.3896065273172001 0
1 -1.011152481202958 0.1983676962398417 0 0.3523689908578202 0.454092235829358 0
3
2.109910033799098
1 -0.001008899004713768 -0.0009800005560081932 0 -0.9322784878797999 -0.8647323332044682 0
1 0.9706270446788964 -0.2425728689546458 0 0.4648483442252966 0.4327214555333885 0
1 -0.9696181456741821 0.243552869510654 0 0.4674301436545028 0.4320108776710795 0
3
2.213232034812068
1 -0.09794323284144932 -0.08953975314201273 0 -0.9496333693089264 -0.8420309815365954 0
1 1.01249334050948 -0.1965848957099947 0 0.3484047943694306 0.4546723773856027 0
1 -0.9145501076680299 0.2861246488520074 0 0.6012285749394952 0.3873586041509923 0
3
2.303787656134499
1 -0.1855848185382016 -0.1634227722868498 0 -0.989104322401903 -0.7833298908004802 0
1 1.039935822974636 -0.1549685384749974 0 0.2595803238378602 0.4632635517610609 0
1 -0.8543510044364343 0.318391310761847 0 0.7295239985640427 0.3200663390394187 0
3
2.406898803978944
1 -0.2905685358750368 -0.2386603141009266 0 -1.04797551905849 -0.6667838105212293 0
1 1.062019817602512 -0.1069831511816781 0 0.1706491126552964 0.4667325132836985 0
1 -0.7714512817274751 0.3456434652826045 0 0.8773264064031939 0.2000512972375303 0
3
2.509893828463773
1 -0.4012258086538629 -0.298976680978615 0 -1.096465646142029 -0.4958885803050923 0
1 1.075434069847259 -0.05886954063166028 0 0.09102611895858539 0.4673073010667671 0
1 -0.6742082611933957 0.3578462216102749 0 1.005439527183444 0.02858127923832439 0
3
2.606273458863413
1 -0.5076906130521007 -0.3374506505031151 0 -1.104852702977825 -0.2982982613943463 0
1 1.080819972569568 -0.01383511783110592 0 0.02119593981612755 0.467205065632278 0
1 -0.573129359517467 0.3512857683342206 0 1.083656763161698 -0.1689068042379325 0
3
2.700947262047728
1 -0.6106497944709672 -0.3559991552855656 0 -1.061142209513484 -0.09452348917270297 0
1 1.079633624018469 0.03039681484454017 0 -0.04635686062527478 0.4672362328577089 0
1 -0.4689838295475017 0.325602340441025 0 1.107499070138759 -0.3727127436850067 0
3
2.808691807025919
1 -0.7195793686077701 -0.3546737307036337 0 -0.9519252243398729 0.1118535467826776 0
1 1.070390086142636 0.08074232760500009 0 -0.126096633523222 0.4672060965546805 0
1 -0.350810717534866 0.2739314030986332 0 1.078021857863096 -0.5790596433373587 0
3
2.904163259335707
1 -0.8044315893493581 -0.3369837916225872 0 -0.8225419348285585 0.2511969373103172 0
1 1.054743274721364 0.1253020759892808 0 -0.2029518058482899 0.4658995600205745 0
1 -0.2503116853720055 0.211681715633306 0 1.025493740676849 -0.7170964973308926 0
3
3.010893884291143
1 -0.8839891670686627 -0.3041589003768859 0 -0.668487672247644 0.3554655261070158 0
1 1.028028981888268 0.1747764000472914 0 -0.2999246742563293 0.4600658499601383 0
1 -0.1440398148196055 0.1293825003295941 0 0.9684123465039747 -0.8155313760671551 0
3
3.105264850351833
1 -0.9408914339916965 -0.2677726861742183 0 -0.5393168282152506 0.4108171329155387 0
1 0.9951763455826473 0.2176491682525095 0 -0.3985543098408758 0.4468119750342457 0
1 -0.05428491159095105 0.05012351792170835 0 0.937871138056128 -0.8576291079497852 0
3
3.211197528085487
1 -0.991016326745867 -0.2222514773759174 0 -0.4100577641237132 0.4446606669499231 0
1 0.9463634088931978 0.2635076001562988 0 -0.5260633115743936 0.4152274114868851 0
1 0.0446529178526695 -0.04125612278038181 0 0.9361210756981082 -0.859888078436809 0
3
3.308464657004469
1 -1.025777157432159 -0.1781913754986939 0 -0.3070967506395242 0.4593697002821732 0
1 0.888875030577766 0.3014962772538873 0 -0.6580929199730157 0.3609125218014883 0
1 0.1369021268543933 -0.123304901755194 0 0.9651896706125415 -0.8202822220836622 0
3
3.406175344504546
1 -1.051281620503547 -0.132961217068959 0 -0.2169223498236895 0.4654016336830795 0
1 0.8177103530750677 0.3326857582965696 0 -0.7990371420877879 0.2706111647183064 0
1 0.2335712674284796 -0.1997245412276112 0 1.015959491911479 -0.7360127984013863 0
3
3.504181148340584
1 -1.068541948626764 -0.08724213755489288 0 -0.1367358140474587 0.4671380687788513 0
1 0.7326296440818776 0.3529451607784158 0 -0.9345617568016945 0.1348746164848189 0
1 0.3359123045448872 -0.2657030232235236 0 1.071297570849155 -0.6020126852636708 0
3
3.603854628318141
1 -1.078409898764678 -0.04066848088161754 0 -0.06212755552311222 0.4672683121450928 0
1 0.6336979481929964 0.3575541486580372 0 -1.043608445907426 -0.04923770723317482 0
1 0.4447119505716827 -0.3168856677764201 0 1.10573600143054 -0.4180306049119186 0
3
3.708408117531033
1 -1.080982002185725 0.008180984393057299 0 0.01268794971621702 0.4672043213089353 0
1 0.5209428043382232 0.3408645885521702 0 -1.102430226869153 -0.2723224406044035 0
1 0.560039197847503 -0.3490455729452281 0 1.089742277152937 -0.1948818807045323 0
3
3.803966205185169
1 -1.076494928503022 0.05283103557195737 0 0.0816034239479466 0.4673115501915976 0
1 0.4153062919094597 0.3051687471866353 0 -1.100312594475697 -0.4712501470158303 0
1 0.6611886365935644 -0.3579997827585933 0 1.018709170527752 0.00393859682423216 0
3
3.904920746748601
1 -1.06441614968548 0.09999919637487566 0 0.1587441254103667 0.4669361540611833 0
1 0.3061927615012074 0.2484012709742371 0 -1.056438357769272 -0.6454271531699509 0
1 0.7582233881842748 -0.3484004673491135 0 0.8976942323589066 0.1784909991087672 0
3
4.004827298533358
1 -1.044419774070486 0.1465453168593974 0 0.2432194507804202 0.4642444103080985 0
1 0.203520227853479 0.1774125349295068 0 -0.9989666413471703 -0.7669407525831609 0
1 0.840899546217009 -0.323957851788905 0 0.7557471905667515 0.3026963422750618 0
3
4.104867861956796
1 -1.015380873444992 0.1926349463459306 0 0.3395666126264453 0.4558356341484808 0
1 0.1060755270436721 0.09672700678146662 0 -0.9525909577150885 -0.8381483641712675 0
1 0.9093053464013219 -0.2893619531273981 0 0.6130243450886446 0.3823127300227863 0
3
4.204723267350743
1 -0.976067382595292 0.2372963663941776 0 0.4504815285892914 0.4362208791933617 0
1 0.01220592306512059 0.0113695097387081 0 -0.9326317749539038 -0.8644274975989785 0
1 0.963861459530174 -0.2486658761328867 0 0.4821502463646139 0.4282066184056167 0
3
4.30943495506916
1 -0.9220583145361678 0.281031408449912 0 0.5839504063187207 0.39458127963252 0
1 -0.08583797901691842 -0.07865190919207232 0 -0.9458186205779816 -0.8473613053718764 0
1 1.007896293553089 -0.2023794992578406 0 0.3618682142592622 0.4527800257393564 0
3
4.401421698453643
1 -0.8624593006272417 0.3146116395476267 0 0.7132824843058017 0.330354903231809 0
1 -0.1744099200839858 -0.1543920870153179 0 -0.983355210235485 -0.7928897408084716 0
1 1.03686922071123 -0.1602195525323098 0 0.270072725929685 0.4625348375766627 0
3
4.505800911294414
1 -0.7801251161057375 0.3434731959697402 0 0.863556990965107 0.2140992735367585 0
1 -0.2800681132915522 -0.2317867980987491 0 -1.042386305160485 -0.6806568773457209 0
1 1.060193229397292 -0.1116863978709923 0 0.17882931419538 0.4665576038089625 0
3
4.609631516547882
1 -0.6833290929446311 0.3574173510448269 0 0.9957635847899109 0.04587209832490819 0
1 -0.3911619447071694 -0.2942273102486782 0 -1.093617546748281 -0.5131684426786365 0
1 1.074491037651803 -0.06319004079614983 0 0.09785396195837119 0.467296344353728 0
3
4.706358550336905
1 -0.5825906624157696 0.3526059268258861 0 1.078935452792059 -0.1499890046307925 0
1 -0.4979374287347402 -0.3346127872798642 0 -1.106422463851071 -0.3172182462152764 0
1 1.080528091150513 -0.01799313954602316 0 0.02748701105901414 0.4672072508460688 0
3
4.800943728181871
1 -0.478751754285209 0.3287435683126391 0 1.107733825712558 -0.3541185864974805 0
1 -0.6011881777410153 -0.354940357135006 0 -1.067761156192543 -0.1131044513136635 0
1 1.079939932026228 0.02619678882236566 0 -0.03997266952001303 0.4672230378111438 0
3
4.908083007019772
1 -0.3609683960330882 0.2792450138994622 0 1.0825280224898 -0.5630168830844869 0
1 -0.7105059727568974 -0.355504475382986 0 -0.9636765153844529 0.09577609700476186 0
1 1.071474368789989 0.07625946148352257 0 -0.1188515071053445 0.4672407860797247 0
3
5.002611420800955
1 -0.2609376332069616 0.2189713616297131 0 1.03168680681919 -0.7045610075598689 0
1 -0.7957970921222539 -0.3393625246457355 0 -0.8374934669914934 0.2383958765987803 0
1 1.056734725329219 0.1203911630160213 0 -0.1941933398276939 0.4661651309610882 0
3
5.107897083372218
1 -0.1554640419363791 0.1388732164572655 0 0.9739072471539029 -0.8075629126459956 0
1 -0.8759744359443231 -0.3081302296847938 0 -0.6854228392606693 0.3464783742677305 0
1 1.031438477880706 0.1692570132275273 0 -0.2884844078932304 0.4610845383782642 0
3
5.20068864423669
1 -0.06681126178940092 0.06147722513629301 0 0.9406895276324634 -0.8541493762262909 0
1 -0.9335370665485765 -0.2730470725333062 0 -0.5569504620780225 0.4047792258737219 0
1 1.000348328337981 0.2115698473970121 0 -0.3837390655544377 0.449370150352568 0
3
5.305858822303878
1 0.03147214311273136 -0.02918649377374754 0 0.9342928927002753 -0.8623534502101281 0
1 -0.9850850429367216 -0.2283253131712918 0 -0.4262797761039149 0.4415174176259303 0
1 0.9536128998239947 0.2575118069450381 0 -0.5080131165963575 0.4208360325841965 0
3
5.404894840892425
1 0.1250401722594439 -0.113224445767417 0 0.9601050358780061 -0.8277020072174772 0
1 -1.021884748543127 -0.1836681366418657 0 -0.3194178028500549 0.4581572940265382 0
1 0.8968445762836882 0.2968925824092815 0 -0.6406872330279485 0.3695447131909376 0
3
5.504051910740394
1 0.2225588971501824 -0.1917348930028815 0 1.009729914066756 -0.7478270902698402 0
1 -1.048843646502172 -0.137840107157633 0 -0.2264457128109105 0.4650458115005204 0
1 0.8262847493519948 0.3295750001605129 0 -0.7832842012558426 0.2827812787693184 0
3
5.603144224827666
1 0.3254567868313497 -0.2598165241151605 0 1.06630718516153 -0.6176730617179566 0
1 -1.067143728046892 -0.09163103292121064 0 -0.1444312316991692 0.4670946170670344 0
1 0.7416869412155477 0.3514475570363694 0 -0.9218759534623584 0.1505784446509207 0
3
5.703500389044302
1 0.4346612047664731 -0.3130799640724974 0 1.104314470281652 -0.4364567460786333 0
1 -1.077796594061897 -0.04473814092554242 0 -0.06879991815610088 0.4672913318310772 0
1 0.6431353892954297 0.3578181049980379 0 -1.035514552125548 -0.03083458575244528 0
3
5.808268971597105
1 0.5503496034830438 -0.3473113319900121 0 1.093679282248093 -0.2141468582438774 0
1 -1.081054244775577 0.004213271122808836 0 0.006311138783434638 0.4672028336435791 0
1 0.5307046412925395 0.3430980608672012 0 -1.099990421031526 -0.2530559753997029 0
3
5.903565532678121
1 0.6518443299747909 -0.3580358093926623 0 1.02769413920208 -0.01400285078050635 0
1 -1.077202985371324 0.04873993454427451 0 0.07484029778720089 0.4672963200420895 0
1 0.4253586553965398 0.3092958748483858 0 -1.10253443698928 -0.4532934692615846 0
3
6.003795548036492
1 0.7493147827417624 -0.3501694690994556 0 0.9109711338247056 0.1635530276488059 0
1 -1.065941552509556 0.09557135907098234 0 0.1508520161589804 0.4670168972208359 0
1 0.316626769767801 0.2545981100284712 0 -1.061823149983685 -0.6305699248696434 0
3
6.10258298739156
1 0.8325273560479084 -0.3273024717372005 0 0.7717366601553534 0.2913887610364193 0
1 -1.047040563436212 0.1416196396869676 0 0.2333697710833939 0.4647086683866677 0
1 0.2145132073883111 0.1856828320502305 0 -1.005106431238746 -0.7560974294230888 0
3
6.201156245952142
1 0.901585814057381 -0.2941558342827589 0 0.6303621405239014 0.3744823074974269 0
1 -1.019537675726226 0.1871217864449558 0 0.3267665156819483 0.4573070456141098 0
1 0.117951861668852 0.1070340478378007 0 -0.9571286562058487 -0.8317893531115385 0
3
6.314377856055676
1 0.9643288956801732 -0.2483565804021205 0 0.4810804607070038 0.4285003649459175 0
1 -0.9756698323202864 0.2378604414280361 0 0.4515042647263112 0.4358906067648732 0
1 0.01134093664012063 0.01049613897408162 0 -0.9325847254333137 -0.8643909717107927 0
3
6.40490127100669
1 1.003031173086202 -0.2084587374787367 0 0.3762112375109504 0.4506121475980845 0
1 -0.9297128288321826 0.27590514557096 0 0.5660131630155227 0.4013630329487836 0
1 -0.07331834425401232 -0.06744640809222618 0 -0.9422244005264719 -0.8519751805468702 0
3
6.510928774664245
1 1.037116452484284 -0.1599487617939993 0 0.2694337985220666 0.4625797802496187 0
1 -0.8619460298399793 0.315011590669018 0 0.7142477533234991 0.3295781342438971 0
1 -0.175170422644297 -0.1550628288750217 0 -0.9836815518455646 -0.7921579144935179 0
3
6.60426894391958
1 1.058360840799063 -0.116562325404635 0 0.1873883612675166 0.4663592183729777 0
1 -0.7889719626125166 0.3413405705580345 0 0.8489002332352011 0.2277816754852873 0
1 -0.2693888781865381 -0.2247782451534028 0 -1.036288594502716 -0.6941408938582674 0
3
6.709090219186454
1 1.073608030836975 -0.06761167966015375 0 0.104898552318436 0.4672892362154374 0
1 -0.6925990737074468 0.3570443241906102 0 0.9851000494902538 0.06294694314155994 0
1 -0.3810089571295205 -0.28943264453046 0 -1.089998601808689 -0.5302361793570001 0
3
6.806307928655953
1 1.080325861006865 -0.02218457298518292 0 0.03387714538390181 0.4672198967084515 0
1 -0.5921560821159931 0.3539782931038974 0 1.073206767191686 -0.131089346304989 0
1 -0.4881697788908635 -0.3317937201187184 0 -1.107083912575587 -0.3361305504034652 0
3
6.900943230595237
1 1.080339214941662 0.02202916238243408 0 -0.03359389046723338 0.4672192196607293 0
1 -0.4885640258259796 0.3319095109272052 0 1.107043661812708 -0.3353348096584899 0
1 -0.5917751891156736 -0.3539386733096435 0 -1.073449771345474 -0.1318844100022421 0
3
7.007632362621681
1 1.072624947464457 0.07188201107877507 0 -0.1117408231561016 0.4672736650326152 0
1 -0.3710912179581811 0.2845247456112176 0 1.086323731968015 -0.5465877865711332 0
1 -0.7015337295062675 -0.3564067566899971 0 -0.9745829088119143 0.07931412153851522 0
3
7.101352844355518
1 1.058738381230384 0.1156471271755433 0 -0.1857133515212605 0.4663980769829551 0
1 -0.2714499824242324 0.2261583432843776 0 1.037438633290345 -0.6915164958310688 0
1 -0.7872883988061437 -0.3418054704599257 0 -0.8517252817690854 0.2251184188481111 0
3
7.205343471990644
1 1.034756923754791 0.1639650566943981 0 -0.2775400455818051 0.4619791706637378 0
1 -0.1666687343735508 0.1481781806467314 0 0.9793200455118457 -0.7989683166882072 0
1 -0.8680881893812327 -0.3121432373411346 0 -0.7017799999300413 0.3369891460244667 0
3
7.310691027735922
1 1.000006131848528 0.212061710778031 0 -0.3848965246829478 0.449197462419652 0
1 -0.06580506175068214 0.06064770458305594 0 0.9403375157041111 -0.8544022196275703 0
1 -0.9342010700978391 -0.2727094153610924 0 -0.5554409910211642 0.4052047572079157 0
3
7.400640121858975
1 0.960746816018237 0.2515331665425625 0 -0.4902177351095097 0.4259968927854305 0
1 0.01825115007934526 -0.01688176177891065 0 0.9329751775715283 -0.863864267585016 0
1 -0.9789979660975753 -0.2346514047636576 0 -0.4427574424620196 0.4378673747995827 0
3
7.501510154237329
1 0.9047043660202488 0.292308094500773 0 -0.6234377459929383 0.3776537346605227 0
1 0.1132259846688606 -0.1028953424635249 0 0.955284583894789 -0.8343359516802114 0
1 -1.017930350689103 -0.1894127520372542 0 -0.3318468379018516 0.4566822170196857 0
3
7.602165846459209
1 0.8347527935852842 0.3264762097804118 0 -0.7675427446965248 0.294392850291262 0
1 0.2116419399345021 -0.1834917229581286 0 1.003503394250661 -0.7589418614901069 0
1 -1.04639473351978 -0.1429844868222895 0 -0.2359606495541375 0.4645490111988421 0
3
7.702390029485199
1 0.7506384573310262 0.3499475409209164 0 -0.9090333809142984 0.165751448920297 0
1 0.315118334478248 -0.2536721237948371 0 1.061068696334483 -0.6327222710425421 0
1 -1.065756791809268 -0.09627541712608599 0 -0.1520353154201855 0.4669708221222422 0
3
7.803471830339033
1 0.6524639868330653 0.3580574289650335 0 -1.027109992307171 -0.01285582433979847 0
1 0.4247327961229658 -0.3090078966288058 0 1.102429603213182 -0.4544109415462787 0
1 -1.077196782956024 -0.04904953233623474 0 -0.07531961090601076 0.4672667658860743 0
3
7.908500923246379
1 0.5403499580679383 0.3452739083900258 0 -1.097153416674456 -0.2340333100547682 0
1 0.5407755564934102 -0.345295126374644 0 1.09701059949854 -0.2331409856151128 0
1 -1.081125514561342 2.121798461084657e-05 0 0.0001428171759154177 0.4671742956698779 0
3
8.003580944555706
1 0.4352826278427979 0.3133260674114481 0 -1.104381109690884 -0.4353964104596859 0
1 0.6425999667636089 -0.3577696070107784 0 1.036036879271257 -0.03186882474055717 0
1 -1.077882594606399 0.04444353959932257 0 0.06834423041962712 0.46726523520024 0
3
8.103140207509167
1 0.3269116473301011 0.2606485833875942 0 -1.06696168532644 -0.6156017259145711 0
1 0.7404799390246118 -0.3516104654032486 0 0.9236478444181385 0.148520096099144 0
1 -1.067391586354706 0.09096188201564662 0 0.1433138409083008 0.467081629815424 0
3
8.200869890785064
1 0.2253209285474083 0.1937536902478009 0 -1.011214398004077 -0.7450071848321218 0
1 0.8241934744395046 -0.3302914517537687 0 0.7872099025744722 0.2798789090608306 0
1 -1.049514402986906 0.1365377615059597 0 0.2240044954296035 0.4651282757712881 0
3
8.311082585160518
1 0.1170738089301492 0.1062875891944113 0 -0.9567593700013465 -0.832335452642573 0
1 0.9021787168572019 -0.2937315100107393 0 0.6289959321641979 0.3751340994123889 0
1 -1.019252525787344 0.1874439208163196 0 0.327763437837148 0.457201353230181 0
3
8.409290882557492
1 0.02449421577059734 0.02268467388790735 0 -0.9334413442297076 -0.8633373980373655 0
1 0.9574307961584294 -0.2542772169815868 0 0.4985142964788406 0.4236817052261684 0
1 -0.9819250119290196 0.2315925430936708 0 0.4349270477508667 0.4396556928111939 0
3
8.500512544904891
1 -0.06071136281010414 -0.05599888072114719 0 -0.9391382917232288 -0.8560346347458051 0
1 0.9978902160092932 -0.2143901701432687 0 0.3907990356983808 0.4482313821829927 0
1 -0.9371788531991819 0.2703890508644068 0 0.5483392560248473 0.4078032525628092 0
3
8.608325159742098
1 -0.1637749084973449 -0.1458117459302291 0 -0.9778598080045537 -0.8013290295231723 0
1 1.033910734243586 -0.1652221123599664 0 0.2802564726341588 0.4617978745223194 0
1 -0.870135825746234 0.3110338582901863 0 0.6976033353703944 0.3395311550008497 0
3
8.702905029210255
1 -0.2586646027463533 -0.2175164274844419 0 -1.030233178106164 -0.7073271366388155 0
1 1.056348461185876 -0.1213021051050335 0 0.1959350999653952 0.466153639687934 0
1 -0.7976838584395154 0.3388185325894657 0 0.8342980781407682 0.241173496950878 0
3
8.808703854661955
1 -0.3707818168445386 -0.2843824775715005 0 -1.086257365371839 -0.547148896740154 0
1 1.072553522001071 -0.07190299202334249 0 0.1118663890912587 0.4672937871100263 0
1 -0.7017717051565249 0.3562854695948331 0 0.9743909762805795 0.07985510963012406 0
3
8.906389193159656
1 -0.4782845291135239 -0.3287193020706625 0 -1.107551012363119 -0.3550548955362429 0
1 1.079947647732385 -0.02625519092106424 0 0.04015475426659648 0.467244731207225 0
1 -0.6016631186188531 0.3549744929917165 0 1.067396258096523 -0.112189835670986 0
3
9.001046528138071
1 -0.5821954606677395 -0.3526857147835861 0 -1.078961035699673 -0.1508447821202573 0
1 1.080551068485663 0.01797007834860021 0 -0.02735408198685729 0.4672200028674242 0
1 -0.4983556078179154 0.3347156364349753 0 1.10631511768653 -0.3163752207471707 0
3
9.107253384623361
1 -0.6923395021932145 -0.3570682064933802 0 -0.9854171297182146 0.06252340656909199 0
1 1.073567603830832 0.06759770813588091 0 -0.1048043790039675 0.4672926388210457 0
1 -0.3812281016376102 0.2894704983574882 0 1.090221508722182 -0.5298160453901415 0
3
9.200142320289364
1 -0.7785142704212344 -0.3440210917598732 0 -0.8660149301493579 0.2114441869947057 0
1 1.060506534738153 0.1109823715905579 0 -0.177456576784643 0.4665842726026392 0
1 -0.2819922643169108 0.2330387201693039 0 1.043471506934001 -0.6780284595973485 0
3
9.302821244975984
1 -0.8598964535363195 -0.3159458463127355 0 -0.7183367285800949 0.3270955538960057 0
1 1.037791280748505 0.1587350238842882 0 -0.2669073887995265 0.4627499658716543 0
1 -0.1778948272121785 0.1572108224284354 0 0.9852441173796216 -0.7898455197676638 0
3
9.406476934062828
1 -0.926727259934447 -0.2779895371011263 0 -0.572964323864117 0.3987414651478458 0
1 1.004877071710861 0.206205826005073 0 -0.3707159190686967 0.4514552717638387 0
1 -0.07814981177640642 0.07178371109604087 0 0.9436802429328137 -0.850196736911688 0
3
9.510502066722138
1 -0.9793520267025108 -0.2342359710159305 0 -0.4416536961958685 0.4381459346328563 0
1 0.960182025945974 0.2519904092895047 0 -0.4915185390362211 0.4256307385946712 0
1 0.01917000075654417 -0.01775443827358696 0 0.9331722352320896 -0.8637766732275313 0
3
9.61123068319959
1 -1.018133484076175 -0.1890414126025453 0 -0.3310285513805968 0.4568060288610593 0
1 0.904088389417692 0.2926609761159437 0 -0.6246999236139064 0.3770763517851287 0
1 0.1140450946584909 -0.1036195635134116 0 0.9557284749945028 -0.8338823806461915 0
3
9.711768902527698
1 -1.046493173352692 -0.1426587963054931 0 -0.2353483129015221 0.4646048473555519 0
1 0.8340958754194883 0.3267185839083053 0 -0.7686990055277642 0.2935636821893053 0
1 0.212397297933211 -0.1840597876028259 0 1.004047318429286 -0.7581685295448606 0
3
9.801296444432662
1 -1.064131390065992 -0.1009402801150538 0 -0.159997153127881 0.4668906147023648 0
1 0.7595267048766576 0.348240455734726 0 -0.8957277742776476 0.18066955393771 0
1 0.3046046851893413 -0.2473001756196862 0 1.055724927405528 -0.6475601686400781 0
3
9.903148000267255
1 -1.076404999162091 -0.05335551267623335 0 -0.08209462304407221 0.4673007278345875 0
1 0.6617540865783762 0.3580997999453828 0 -1.018174767320977 0.005029062752674725 0
1 0.4146509125837217 -0.3047442872691635 0 1.100269390365049 -0.4723297905872656 0
3
10.00847699916697
1 -1.081032480785939 -0.004140733582969548 0 -0.006202387783966288 0.4672051847281543 0
1 0.549974215203295 0.3472594781271789 0 -1.093805635087632 -0.2148946220062611 0
1 0.53105826558265 -0.343118744544224 0 1.100008022871598 -0.2523105627218965 0
